<?xml version="1.0" encoding="UTF-8"?>
<testsuite xmlns:xsi="http://www.w3.org/2001/XMLSchema-instance" xsi:noNamespaceSchemaLocation="https://maven.apache.org/surefire/maven-surefire-plugin/xsd/surefire-test-report-3.0.xsd" version="3.0" name="org.example.DAO.PetDaoTest" time="1.231" tests="4" errors="0" skipped="0" failures="0">
  <properties>
    <property name="java.specification.version" value="21"/>
    <property name="sun.jnu.encoding" value="UTF-8"/>
    <property name="java.class.path" value="/Users/leo_cherry3/.m2/repository/org/apache/maven/surefire/surefire-booter/3.2.5/surefire-booter-3.2.5.jar:/Users/leo_cherry3/.m2/repository/org/apache/maven/surefire/surefire-api/3.2.5/surefire-api-3.2.5.jar:/Users/leo_cherry3/.m2/repository/org/apache/maven/surefire/surefire-logger-api/3.2.5/surefire-logger-api-3.2.5.jar:/Users/leo_cherry3/.m2/repository/org/apache/maven/surefire/surefire-shared-utils/3.2.5/surefire-shared-utils-3.2.5.jar:/Users/leo_cherry3/.m2/repository/org/apache/maven/surefire/surefire-extensions-spi/3.2.5/surefire-extensions-spi-3.2.5.jar:/Users/leo_cherry3/IdeaProjects/is-tech-y27/Lab2/target/test-classes:/Users/leo_cherry3/IdeaProjects/is-tech-y27/Lab2/target/classes:/Users/leo_cherry3/.m2/repository/org/hibernate/orm/hibernate-core/6.6.1.Final/hibernate-core-6.6.1.Final.jar:/Users/leo_cherry3/.m2/repository/jakarta/persistence/jakarta.persistence-api/3.1.0/jakarta.persistence-api-3.1.0.jar:/Users/leo_cherry3/.m2/repository/jakarta/transaction/jakarta.transaction-api/2.0.1/jakarta.transaction-api-2.0.1.jar:/Users/leo_cherry3/.m2/repository/org/jboss/logging/jboss-logging/3.5.0.Final/jboss-logging-3.5.0.Final.jar:/Users/leo_cherry3/.m2/repository/org/hibernate/common/hibernate-commons-annotations/7.0.1.Final/hibernate-commons-annotations-7.0.1.Final.jar:/Users/leo_cherry3/.m2/repository/io/smallrye/jandex/3.2.0/jandex-3.2.0.jar:/Users/leo_cherry3/.m2/repository/com/fasterxml/classmate/1.5.1/classmate-1.5.1.jar:/Users/leo_cherry3/.m2/repository/net/bytebuddy/byte-buddy/1.14.18/byte-buddy-1.14.18.jar:/Users/leo_cherry3/.m2/repository/jakarta/xml/bind/jakarta.xml.bind-api/4.0.0/jakarta.xml.bind-api-4.0.0.jar:/Users/leo_cherry3/.m2/repository/jakarta/activation/jakarta.activation-api/2.1.0/jakarta.activation-api-2.1.0.jar:/Users/leo_cherry3/.m2/repository/org/glassfish/jaxb/jaxb-runtime/4.0.2/jaxb-runtime-4.0.2.jar:/Users/leo_cherry3/.m2/repository/org/glassfish/jaxb/jaxb-core/4.0.2/jaxb-core-4.0.2.jar:/Users/leo_cherry3/.m2/repository/org/eclipse/angus/angus-activation/2.0.0/angus-activation-2.0.0.jar:/Users/leo_cherry3/.m2/repository/org/glassfish/jaxb/txw2/4.0.2/txw2-4.0.2.jar:/Users/leo_cherry3/.m2/repository/com/sun/istack/istack-commons-runtime/4.1.1/istack-commons-runtime-4.1.1.jar:/Users/leo_cherry3/.m2/repository/jakarta/inject/jakarta.inject-api/2.0.1/jakarta.inject-api-2.0.1.jar:/Users/leo_cherry3/.m2/repository/org/antlr/antlr4-runtime/4.13.0/antlr4-runtime-4.13.0.jar:/Users/leo_cherry3/.m2/repository/org/postgresql/postgresql/42.7.2/postgresql-42.7.2.jar:/Users/leo_cherry3/.m2/repository/org/checkerframework/checker-qual/3.42.0/checker-qual-3.42.0.jar:/Users/leo_cherry3/.m2/repository/com/h2database/h2/2.2.224/h2-2.2.224.jar:/Users/leo_cherry3/.m2/repository/org/junit/jupiter/junit-jupiter/5.10.2/junit-jupiter-5.10.2.jar:/Users/leo_cherry3/.m2/repository/org/junit/jupiter/junit-jupiter-api/5.10.2/junit-jupiter-api-5.10.2.jar:/Users/leo_cherry3/.m2/repository/org/opentest4j/opentest4j/1.3.0/opentest4j-1.3.0.jar:/Users/leo_cherry3/.m2/repository/org/junit/platform/junit-platform-commons/1.10.2/junit-platform-commons-1.10.2.jar:/Users/leo_cherry3/.m2/repository/org/apiguardian/apiguardian-api/1.1.2/apiguardian-api-1.1.2.jar:/Users/leo_cherry3/.m2/repository/org/junit/jupiter/junit-jupiter-params/5.10.2/junit-jupiter-params-5.10.2.jar:/Users/leo_cherry3/.m2/repository/org/junit/jupiter/junit-jupiter-engine/5.10.2/junit-jupiter-engine-5.10.2.jar:/Users/leo_cherry3/.m2/repository/org/junit/platform/junit-platform-engine/1.10.2/junit-platform-engine-1.10.2.jar:/Users/leo_cherry3/.m2/repository/org/mockito/mockito-core/5.12.0/mockito-core-5.12.0.jar:/Users/leo_cherry3/.m2/repository/net/bytebuddy/byte-buddy-agent/1.14.15/byte-buddy-agent-1.14.15.jar:/Users/leo_cherry3/.m2/repository/org/objenesis/objenesis/3.3/objenesis-3.3.jar:/Users/leo_cherry3/.m2/repository/org/mockito/mockito-junit-jupiter/5.12.0/mockito-junit-jupiter-5.12.0.jar:/Users/leo_cherry3/.m2/repository/org/projectlombok/lombok/1.18.30/lombok-1.18.30.jar:/Users/leo_cherry3/.m2/repository/org/apache/maven/surefire/surefire-junit-platform/3.2.5/surefire-junit-platform-3.2.5.jar:/Users/leo_cherry3/.m2/repository/org/apache/maven/surefire/common-java5/3.2.5/common-java5-3.2.5.jar:/Users/leo_cherry3/.m2/repository/org/junit/platform/junit-platform-launcher/1.10.2/junit-platform-launcher-1.10.2.jar"/>
    <property name="java.vm.vendor" value="Oracle Corporation"/>
    <property name="sun.arch.data.model" value="64"/>
    <property name="java.vendor.url" value="https://java.oracle.com/"/>
    <property name="user.timezone" value="Europe/Moscow"/>
    <property name="os.name" value="Mac OS X"/>
    <property name="java.vm.specification.version" value="21"/>
    <property name="sun.java.launcher" value="SUN_STANDARD"/>
    <property name="user.country" value="RU"/>
    <property name="sun.boot.library.path" value="/Users/leo_cherry3/Library/Java/JavaVirtualMachines/graalvm-jdk-21.0.7/Contents/Home/lib"/>
    <property name="sun.java.command" value="org.apache.maven.surefire.booter.ForkedBooter /Users/leo_cherry3/IdeaProjects/is-tech-y27/Lab2/target/surefire 2025-09-26T16-46-26_865-jvmRun1 surefire-20250926164626930_1tmp surefire_0-20250926164626930_2tmp"/>
    <property name="http.nonProxyHosts" value="local|*.local|169.254/16|*.169.254/16"/>
    <property name="jdk.debug" value="release"/>
    <property name="surefire.test.class.path" value="/Users/leo_cherry3/IdeaProjects/is-tech-y27/Lab2/target/test-classes:/Users/leo_cherry3/IdeaProjects/is-tech-y27/Lab2/target/classes:/Users/leo_cherry3/.m2/repository/org/hibernate/orm/hibernate-core/6.6.1.Final/hibernate-core-6.6.1.Final.jar:/Users/leo_cherry3/.m2/repository/jakarta/persistence/jakarta.persistence-api/3.1.0/jakarta.persistence-api-3.1.0.jar:/Users/leo_cherry3/.m2/repository/jakarta/transaction/jakarta.transaction-api/2.0.1/jakarta.transaction-api-2.0.1.jar:/Users/leo_cherry3/.m2/repository/org/jboss/logging/jboss-logging/3.5.0.Final/jboss-logging-3.5.0.Final.jar:/Users/leo_cherry3/.m2/repository/org/hibernate/common/hibernate-commons-annotations/7.0.1.Final/hibernate-commons-annotations-7.0.1.Final.jar:/Users/leo_cherry3/.m2/repository/io/smallrye/jandex/3.2.0/jandex-3.2.0.jar:/Users/leo_cherry3/.m2/repository/com/fasterxml/classmate/1.5.1/classmate-1.5.1.jar:/Users/leo_cherry3/.m2/repository/net/bytebuddy/byte-buddy/1.14.18/byte-buddy-1.14.18.jar:/Users/leo_cherry3/.m2/repository/jakarta/xml/bind/jakarta.xml.bind-api/4.0.0/jakarta.xml.bind-api-4.0.0.jar:/Users/leo_cherry3/.m2/repository/jakarta/activation/jakarta.activation-api/2.1.0/jakarta.activation-api-2.1.0.jar:/Users/leo_cherry3/.m2/repository/org/glassfish/jaxb/jaxb-runtime/4.0.2/jaxb-runtime-4.0.2.jar:/Users/leo_cherry3/.m2/repository/org/glassfish/jaxb/jaxb-core/4.0.2/jaxb-core-4.0.2.jar:/Users/leo_cherry3/.m2/repository/org/eclipse/angus/angus-activation/2.0.0/angus-activation-2.0.0.jar:/Users/leo_cherry3/.m2/repository/org/glassfish/jaxb/txw2/4.0.2/txw2-4.0.2.jar:/Users/leo_cherry3/.m2/repository/com/sun/istack/istack-commons-runtime/4.1.1/istack-commons-runtime-4.1.1.jar:/Users/leo_cherry3/.m2/repository/jakarta/inject/jakarta.inject-api/2.0.1/jakarta.inject-api-2.0.1.jar:/Users/leo_cherry3/.m2/repository/org/antlr/antlr4-runtime/4.13.0/antlr4-runtime-4.13.0.jar:/Users/leo_cherry3/.m2/repository/org/postgresql/postgresql/42.7.2/postgresql-42.7.2.jar:/Users/leo_cherry3/.m2/repository/org/checkerframework/checker-qual/3.42.0/checker-qual-3.42.0.jar:/Users/leo_cherry3/.m2/repository/com/h2database/h2/2.2.224/h2-2.2.224.jar:/Users/leo_cherry3/.m2/repository/org/junit/jupiter/junit-jupiter/5.10.2/junit-jupiter-5.10.2.jar:/Users/leo_cherry3/.m2/repository/org/junit/jupiter/junit-jupiter-api/5.10.2/junit-jupiter-api-5.10.2.jar:/Users/leo_cherry3/.m2/repository/org/opentest4j/opentest4j/1.3.0/opentest4j-1.3.0.jar:/Users/leo_cherry3/.m2/repository/org/junit/platform/junit-platform-commons/1.10.2/junit-platform-commons-1.10.2.jar:/Users/leo_cherry3/.m2/repository/org/apiguardian/apiguardian-api/1.1.2/apiguardian-api-1.1.2.jar:/Users/leo_cherry3/.m2/repository/org/junit/jupiter/junit-jupiter-params/5.10.2/junit-jupiter-params-5.10.2.jar:/Users/leo_cherry3/.m2/repository/org/junit/jupiter/junit-jupiter-engine/5.10.2/junit-jupiter-engine-5.10.2.jar:/Users/leo_cherry3/.m2/repository/org/junit/platform/junit-platform-engine/1.10.2/junit-platform-engine-1.10.2.jar:/Users/leo_cherry3/.m2/repository/org/mockito/mockito-core/5.12.0/mockito-core-5.12.0.jar:/Users/leo_cherry3/.m2/repository/net/bytebuddy/byte-buddy-agent/1.14.15/byte-buddy-agent-1.14.15.jar:/Users/leo_cherry3/.m2/repository/org/objenesis/objenesis/3.3/objenesis-3.3.jar:/Users/leo_cherry3/.m2/repository/org/mockito/mockito-junit-jupiter/5.12.0/mockito-junit-jupiter-5.12.0.jar:/Users/leo_cherry3/.m2/repository/org/projectlombok/lombok/1.18.30/lombok-1.18.30.jar:"/>
    <property name="sun.cpu.endian" value="little"/>
    <property name="user.home" value="/Users/leo_cherry3"/>
    <property name="user.language" value="en"/>
    <property name="java.specification.vendor" value="Oracle Corporation"/>
    <property name="java.version.date" value="2025-04-15"/>
    <property name="java.home" value="/Users/leo_cherry3/Library/Java/JavaVirtualMachines/graalvm-jdk-21.0.7/Contents/Home"/>
    <property name="file.separator" value="/"/>
    <property name="basedir" value="/Users/leo_cherry3/IdeaProjects/is-tech-y27/Lab2"/>
    <property name="java.vm.compressedOopsMode" value="Zero based"/>
    <property name="jdk.internal.vm.ci.enabled" value="true"/>
    <property name="line.separator" value="&#10;"/>
    <property name="java.vm.specification.vendor" value="Oracle Corporation"/>
    <property name="java.specification.name" value="Java Platform API Specification"/>
    <property name="apple.awt.application.name" value="ForkedBooter"/>
    <property name="sun.management.compiler" value="HotSpot 64-Bit Tiered Compilers"/>
    <property name="ftp.nonProxyHosts" value="local|*.local|169.254/16|*.169.254/16"/>
    <property name="java.runtime.version" value="21.0.7+8-LTS-jvmci-23.1-b60"/>
    <property name="user.name" value="leo_cherry3"/>
    <property name="stdout.encoding" value="UTF-8"/>
    <property name="path.separator" value=":"/>
    <property name="os.version" value="15.5"/>
    <property name="java.runtime.name" value="Java(TM) SE Runtime Environment"/>
    <property name="file.encoding" value="UTF-8"/>
    <property name="java.vm.name" value="Java HotSpot(TM) 64-Bit Server VM"/>
    <property name="java.vendor.version" value="Oracle GraalVM 21.0.7+8.1"/>
    <property name="localRepository" value="/Users/leo_cherry3/.m2/repository"/>
    <property name="java.vendor.url.bug" value="https://bugreport.java.com/bugreport/"/>
    <property name="java.io.tmpdir" value="/var/folders/zy/5px949m94yv3dn35rbb3g13m0000gn/T/"/>
    <property name="idea.version" value="2024.1.4"/>
    <property name="java.version" value="21.0.7"/>
    <property name="user.dir" value="/Users/leo_cherry3/IdeaProjects/is-tech-y27/Lab2"/>
    <property name="os.arch" value="aarch64"/>
    <property name="java.vm.specification.name" value="Java Virtual Machine Specification"/>
    <property name="native.encoding" value="UTF-8"/>
    <property name="java.library.path" value="/Users/leo_cherry3/Library/Java/Extensions:/Library/Java/Extensions:/Network/Library/Java/Extensions:/System/Library/Java/Extensions:/usr/lib/java:."/>
    <property name="java.vm.info" value="mixed mode, sharing"/>
    <property name="stderr.encoding" value="UTF-8"/>
    <property name="java.vendor" value="Oracle Corporation"/>
    <property name="java.vm.version" value="21.0.7+8-LTS-jvmci-23.1-b60"/>
    <property name="sun.io.unicode.encoding" value="UnicodeBig"/>
    <property name="socksNonProxyHosts" value="local|*.local|169.254/16|*.169.254/16"/>
    <property name="java.class.version" value="65.0"/>
  </properties>
  <testcase name="testSaveAndGetById" classname="org.example.DAO.PetDaoTest" time="0.207">
    <system-out><![CDATA[Hibernate: 
    drop table if exists owner_pets cascade 
Hibernate: 
    drop table if exists owners cascade 
Hibernate: 
    drop table if exists pet_friends cascade 
Hibernate: 
    drop table if exists pets cascade 
Hibernate: 
    create table owner_pets (
        owner_id bigint not null,
        pet_id bigint
    )
Hibernate: 
    create table owners (
        birthday date,
        id bigint generated by default as identity,
        name varchar(255),
        primary key (id)
    )
Hibernate: 
    create table pet_friends (
        friend_id bigint,
        pet_id bigint not null
    )
Hibernate: 
    create table pets (
        id bigint generated by default as identity,
        owner_id bigint,
        breed varchar(255),
        name varchar(255),
        primary key (id)
    )
Hibernate: 
    alter table if exists owner_pets 
       add constraint FKt1ur1414adlv2qyqgcke4t3fk 
       foreign key (owner_id) 
       references owners
Hibernate: 
    alter table if exists pet_friends 
       add constraint FKjgr10w16u32u1cuvdhqt28ud9 
       foreign key (pet_id) 
       references pets
Hibernate: 
    delete 
    from
        pet_friends to_delete_
Hibernate: 
    delete 
    from
        pets p1_0
Hibernate: 
    delete 
    from
        owner_pets to_delete_
Hibernate: 
    delete 
    from
        owners o1_0
Hibernate: 
    insert 
    into
        owners
        (birthday, name, id) 
    values
        (?, ?, default)
Hibernate: 
    insert 
    into
        pets
        (breed, name, owner_id, id) 
    values
        (?, ?, ?, default)
Hibernate: 
    select
        p1_0.id,
        p1_0.breed,
        p1_0.name,
        p1_0.owner_id 
    from
        pets p1_0 
    where
        p1_0.id=?
]]></system-out>
    <system-err><![CDATA[Sep 26, 2025 4:46:27 PM org.hibernate.Version logVersion
INFO: HHH000412: Hibernate ORM core version 6.6.1.Final
Sep 26, 2025 4:46:27 PM org.hibernate.cache.internal.RegionFactoryInitiator initiateService
INFO: HHH000026: Second-level cache disabled
Sep 26, 2025 4:46:27 PM org.hibernate.engine.jdbc.connections.internal.DriverManagerConnectionProviderImpl configure
WARN: HHH10001002: Using built-in connection pool (not intended for production use)
Sep 26, 2025 4:46:27 PM org.hibernate.engine.jdbc.dialect.internal.DialectFactoryImpl constructDialect
WARN: HHH90000025: H2Dialect does not need to be specified explicitly using 'hibernate.dialect' (remove the property setting and it will be selected by default)
Sep 26, 2025 4:46:27 PM org.hibernate.engine.jdbc.env.internal.JdbcEnvironmentInitiator initiateService
INFO: HHH10001005: Database info:
	Database JDBC URL [jdbc:h2:mem:test;DB_CLOSE_DELAY=-1]
	Database driver: org.h2.Driver
	Database version: 2.2.224
	Autocommit mode: false
	Isolation level: undefined/unknown
	Minimum pool size: 1
	Maximum pool size: 20
Sep 26, 2025 4:46:28 PM org.hibernate.engine.transaction.jta.platform.internal.JtaPlatformInitiator initiateService
INFO: HHH000489: No JTA platform available (set 'hibernate.transaction.jta.platform' to enable JTA platform integration)
Sep 26, 2025 4:46:28 PM org.hibernate.resource.transaction.backend.jdbc.internal.DdlTransactionIsolatorNonJtaImpl getIsolatedConnection
INFO: HHH10001501: Connection obtained from JdbcConnectionAccess [org.hibernate.engine.jdbc.env.internal.JdbcEnvironmentInitiator$ConnectionProviderJdbcConnectionAccess@6615237] for (non-JTA) DDL execution was not in auto-commit mode; the Connection 'local transaction' will be committed and the Connection will be set into auto-commit mode.
Sep 26, 2025 4:46:28 PM org.hibernate.resource.transaction.backend.jdbc.internal.DdlTransactionIsolatorNonJtaImpl getIsolatedConnection
INFO: HHH10001501: Connection obtained from JdbcConnectionAccess [org.hibernate.engine.jdbc.env.internal.JdbcEnvironmentInitiator$ConnectionProviderJdbcConnectionAccess@374c3975] for (non-JTA) DDL execution was not in auto-commit mode; the Connection 'local transaction' will be committed and the Connection will be set into auto-commit mode.
]]></system-err>
  </testcase>
  <testcase name="testDeleteById" classname="org.example.DAO.PetDaoTest" time="0.009">
    <system-out><![CDATA[Hibernate: 
    delete 
    from
        pet_friends to_delete_
Hibernate: 
    delete 
    from
        pets p1_0
Hibernate: 
    delete 
    from
        owner_pets to_delete_
Hibernate: 
    delete 
    from
        owners o1_0
Hibernate: 
    insert 
    into
        pets
        (breed, name, owner_id, id) 
    values
        (?, ?, ?, default)
Hibernate: 
    select
        p1_0.id,
        p1_0.breed,
        p1_0.name,
        p1_0.owner_id 
    from
        pets p1_0 
    where
        p1_0.id=?
Hibernate: 
    delete 
    from
        pet_friends 
    where
        pet_id=?
Hibernate: 
    delete 
    from
        pets 
    where
        id=?
Hibernate: 
    select
        p1_0.id,
        p1_0.breed,
        p1_0.name,
        p1_0.owner_id 
    from
        pets p1_0 
    where
        p1_0.id=?
]]></system-out>
  </testcase>
  <testcase name="testGetAll" classname="org.example.DAO.PetDaoTest" time="0.015">
    <system-out><![CDATA[Hibernate: 
    delete 
    from
        pet_friends to_delete_
Hibernate: 
    delete 
    from
        pets p1_0
Hibernate: 
    delete 
    from
        owner_pets to_delete_
Hibernate: 
    delete 
    from
        owners o1_0
Hibernate: 
    delete 
    from
        pet_friends to_delete_
Hibernate: 
    delete 
    from
        pets p1_0
Hibernate: 
    insert 
    into
        pets
        (breed, name, owner_id, id) 
    values
        (?, ?, ?, default)
Hibernate: 
    insert 
    into
        pets
        (breed, name, owner_id, id) 
    values
        (?, ?, ?, default)
Hibernate: 
    select
        p1_0.id,
        p1_0.breed,
        p1_0.name,
        p1_0.owner_id 
    from
        pets p1_0
]]></system-out>
  </testcase>
  <testcase name="testUpdate" classname="org.example.DAO.PetDaoTest" time="0.012">
    <system-out><![CDATA[Hibernate: 
    delete 
    from
        pet_friends to_delete_
Hibernate: 
    delete 
    from
        pets p1_0
Hibernate: 
    delete 
    from
        owner_pets to_delete_
Hibernate: 
    delete 
    from
        owners o1_0
Hibernate: 
    insert 
    into
        pets
        (breed, name, owner_id, id) 
    values
        (?, ?, ?, default)
Hibernate: 
    select
        p1_0.id,
        p1_0.breed,
        p1_0.name,
        p1_0.owner_id 
    from
        pets p1_0 
    where
        p1_0.id=?
Hibernate: 
    select
        fi1_0.pet_id,
        fi1_0.friend_id 
    from
        pet_friends fi1_0 
    where
        fi1_0.pet_id=?
Hibernate: 
    update
        pets 
    set
        breed=?,
        name=?,
        owner_id=? 
    where
        id=?
Hibernate: 
    select
        p1_0.id,
        p1_0.breed,
        p1_0.name,
        p1_0.owner_id 
    from
        pets p1_0 
    where
        p1_0.id=?
]]></system-out>
  </testcase>
</testsuite>